<?xml version="1.0" encoding="UTF-8"?>
<testng-results ignored="0" total="1" passed="1" failed="0" skipped="0">
  <reporter-output>
  </reporter-output>
  <suite started-at="2025-01-30T21:23:41 IST" name="Default suite" finished-at="2025-01-30T21:23:50 IST" duration-ms="9433">
    <groups>
      <group name="cucumber">
        <method signature="AbstractTestNGCucumberTests.runScenario(io.cucumber.testng.PickleWrapper,io.cucumber.testng.FeatureWrapper)[pri:0, instance:testcases.LoginPage_TC001@17f9d882]" name="runScenario" class="io.cucumber.testng.AbstractTestNGCucumberTests"/>
      </group> <!-- cucumber -->
    </groups>
    <test started-at="2025-01-30T21:23:41 IST" name="Default test" finished-at="2025-01-30T21:23:50 IST" duration-ms="9433">
      <class name="testcases.LoginPage_TC001">
        <test-method is-config="true" signature="startReport()[pri:0, instance:testcases.LoginPage_TC001@17f9d882]" started-at="2025-01-30T21:23:41 IST" name="startReport" finished-at="2025-01-30T21:23:41 IST" duration-ms="213" status="PASS">
          <reporter-output>
          </reporter-output>
        </test-method> <!-- startReport -->
        <test-method is-config="true" signature="setValues()[pri:0, instance:testcases.LoginPage_TC001@17f9d882]" started-at="2025-01-30T21:23:41 IST" name="setValues" finished-at="2025-01-30T21:23:41 IST" duration-ms="0" status="PASS">
          <reporter-output>
          </reporter-output>
        </test-method> <!-- setValues -->
        <test-method is-config="true" signature="setUpClass(org.testng.ITestContext)[pri:0, instance:testcases.LoginPage_TC001@17f9d882]" started-at="2025-01-30T21:23:41 IST" name="setUpClass" finished-at="2025-01-30T21:23:41 IST" duration-ms="113" status="PASS">
          <params>
            <param index="0">
              <value>
                <![CDATA[org.testng.TestRunner@6ebc9573]]>
              </value>
            </param>
          </params>
          <reporter-output>
          </reporter-output>
        </test-method> <!-- setUpClass -->
        <test-method is-config="true" signature="testdetails()[pri:0, instance:testcases.LoginPage_TC001@17f9d882]" started-at="2025-01-30T21:23:41 IST" name="testdetails" finished-at="2025-01-30T21:23:41 IST" duration-ms="3" status="PASS">
          <reporter-output>
          </reporter-output>
        </test-method> <!-- testdetails -->
        <test-method is-config="true" signature="preCondition()[pri:0, instance:testcases.LoginPage_TC001@17f9d882]" started-at="2025-01-30T21:23:41 IST" name="preCondition" finished-at="2025-01-30T21:23:47 IST" duration-ms="5618" status="PASS">
          <reporter-output>
          </reporter-output>
        </test-method> <!-- preCondition -->
        <test-method signature="login(java.lang.String,java.lang.String)[pri:0, instance:testcases.LoginPage_TC001@17f9d882]" started-at="2025-01-30T21:23:47 IST" name="login" data-provider="getData" finished-at="2025-01-30T21:23:50 IST" duration-ms="2945" status="PASS">
          <params>
            <param index="0">
              <value>
                <![CDATA[DemoCsr]]>
              </value>
            </param>
            <param index="1">
              <value>
                <![CDATA[crmsfa]]>
              </value>
            </param>
          </params>
          <reporter-output>
          </reporter-output>
        </test-method> <!-- login -->
        <test-method is-config="true" signature="postcondition()[pri:0, instance:testcases.LoginPage_TC001@17f9d882]" started-at="2025-01-30T21:23:50 IST" name="postcondition" finished-at="2025-01-30T21:23:50 IST" duration-ms="161" status="PASS">
          <reporter-output>
          </reporter-output>
        </test-method> <!-- postcondition -->
        <test-method is-config="true" signature="tearDownClass()[pri:0, instance:testcases.LoginPage_TC001@17f9d882]" started-at="2025-01-30T21:23:50 IST" name="tearDownClass" finished-at="2025-01-30T21:23:50 IST" duration-ms="15" status="PASS">
          <reporter-output>
          </reporter-output>
        </test-method> <!-- tearDownClass -->
        <test-method is-config="true" signature="stopReport()[pri:0, instance:testcases.LoginPage_TC001@17f9d882]" started-at="2025-01-30T21:23:50 IST" name="stopReport" finished-at="2025-01-30T21:23:51 IST" duration-ms="357" status="PASS">
          <reporter-output>
          </reporter-output>
        </test-method> <!-- stopReport -->
      </class> <!-- testcases.LoginPage_TC001 -->
    </test> <!-- Default test -->
  </suite> <!-- Default suite -->
</testng-results>
