<?xml version="1.0" encoding="UTF-8"?>
<testng-results ignored="0" total="1" passed="1" failed="0" skipped="0">
  <reporter-output>
  </reporter-output>
  <suite started-at="2025-01-30T18:08:23 IST" name="Default suite" finished-at="2025-01-30T18:08:32 IST" duration-ms="8270">
    <groups>
      <group name="cucumber">
        <method signature="AbstractTestNGCucumberTests.runScenario(io.cucumber.testng.PickleWrapper,io.cucumber.testng.FeatureWrapper)[pri:0, instance:testcases.LoginPage_TC001@740cae06]" name="runScenario" class="io.cucumber.testng.AbstractTestNGCucumberTests"/>
      </group> <!-- cucumber -->
    </groups>
    <test started-at="2025-01-30T18:08:23 IST" name="Default test" finished-at="2025-01-30T18:08:32 IST" duration-ms="8270">
      <class name="testcases.LoginPage_TC001">
        <test-method is-config="true" signature="setUpClass(org.testng.ITestContext)[pri:0, instance:testcases.LoginPage_TC001@740cae06]" started-at="2025-01-30T18:08:23 IST" name="setUpClass" finished-at="2025-01-30T18:08:24 IST" duration-ms="154" status="PASS">
          <params>
            <param index="0">
              <value>
                <![CDATA[org.testng.TestRunner@3e58d65e]]>
              </value>
            </param>
          </params>
          <reporter-output>
          </reporter-output>
        </test-method> <!-- setUpClass -->
        <test-method is-config="true" signature="preCondition()[pri:0, instance:testcases.LoginPage_TC001@740cae06]" started-at="2025-01-30T18:08:24 IST" name="preCondition" finished-at="2025-01-30T18:08:29 IST" duration-ms="5581" status="PASS">
          <reporter-output>
          </reporter-output>
        </test-method> <!-- preCondition -->
        <test-method signature="login()[pri:0, instance:testcases.LoginPage_TC001@740cae06]" started-at="2025-01-30T18:08:29 IST" name="login" finished-at="2025-01-30T18:08:32 IST" duration-ms="2360" status="PASS">
          <reporter-output>
          </reporter-output>
        </test-method> <!-- login -->
        <test-method is-config="true" signature="postcondition()[pri:0, instance:testcases.LoginPage_TC001@740cae06]" started-at="2025-01-30T18:08:32 IST" name="postcondition" finished-at="2025-01-30T18:08:32 IST" duration-ms="129" status="PASS">
          <reporter-output>
          </reporter-output>
        </test-method> <!-- postcondition -->
        <test-method is-config="true" signature="tearDownClass()[pri:0, instance:testcases.LoginPage_TC001@740cae06]" started-at="2025-01-30T18:08:32 IST" name="tearDownClass" finished-at="2025-01-30T18:08:32 IST" duration-ms="12" status="PASS">
          <reporter-output>
          </reporter-output>
        </test-method> <!-- tearDownClass -->
      </class> <!-- testcases.LoginPage_TC001 -->
    </test> <!-- Default test -->
  </suite> <!-- Default suite -->
</testng-results>
