<?xml version="1.0" encoding="UTF-8"?>
<!-- Generated by org.testng.reporters.JUnitXMLReporter -->
<testsuite ignored="0" hostname="IBM-PF3DL4JS" failures="0" tests="3" name="Leads" time="34.966" errors="0" timestamp="2025-01-13T19:56:45 IST">
  <testcase classname="testNGLearning.CreateLead" name="runcreate_Lead" time="14.512"/>
  <testcase classname="testNGLearning.EditLead" name="Edit_lead" time="18.564"/>
  <testcase classname="testNGLearning.MergeLead" name="mergeLead" time="20.415"/>
</testsuite> <!-- Leads -->
