<?xml version="1.0" encoding="UTF-8"?>
<testng-results ignored="0" total="2" passed="2" failed="0" skipped="0">
  <reporter-output>
  </reporter-output>
  <suite started-at="2025-01-23T20:19:57 IST" name="Suite" finished-at="2025-01-23T20:20:07 IST" duration-ms="9279">
    <groups>
      <group name="cucumber">
        <method signature="AbstractTestNGCucumberTests.runScenario(io.cucumber.testng.PickleWrapper,io.cucumber.testng.FeatureWrapper)[pri:0, instance:testcases.AccountPage_TC002@78e4deb0]" name="runScenario" class="io.cucumber.testng.AbstractTestNGCucumberTests"/>
        <method signature="AbstractTestNGCucumberTests.runScenario(io.cucumber.testng.PickleWrapper,io.cucumber.testng.FeatureWrapper)[pri:0, instance:testcases.LoginPage_TC001@26d9b808]" name="runScenario" class="io.cucumber.testng.AbstractTestNGCucumberTests"/>
      </group> <!-- cucumber -->
    </groups>
    <test started-at="2025-01-23T20:19:57 IST" name="Test" finished-at="2025-01-23T20:20:07 IST" duration-ms="9279">
      <class name="testcases.LoginPage_TC001">
        <test-method is-config="true" signature="setUpClass(org.testng.ITestContext)[pri:0, instance:testcases.LoginPage_TC001@26d9b808]" started-at="2025-01-23T20:19:57 IST" name="setUpClass" finished-at="2025-01-23T20:19:57 IST" duration-ms="150" status="PASS">
          <params>
            <param index="0">
              <value>
                <![CDATA[org.testng.TestRunner@769a1df5]]>
              </value>
            </param>
          </params>
          <reporter-output>
          </reporter-output>
        </test-method> <!-- setUpClass -->
        <test-method is-config="true" signature="preCondition()[pri:0, instance:testcases.LoginPage_TC001@26d9b808]" started-at="2025-01-23T20:19:57 IST" name="preCondition" finished-at="2025-01-23T20:20:03 IST" duration-ms="5706" status="PASS">
          <reporter-output>
          </reporter-output>
        </test-method> <!-- preCondition -->
        <test-method signature="login()[pri:0, instance:testcases.LoginPage_TC001@26d9b808]" started-at="2025-01-23T20:20:03 IST" name="login" finished-at="2025-01-23T20:20:06 IST" duration-ms="3170" status="PASS">
          <reporter-output>
          </reporter-output>
        </test-method> <!-- login -->
        <test-method is-config="true" signature="postcondition()[pri:0, instance:testcases.LoginPage_TC001@26d9b808]" started-at="2025-01-23T20:20:06 IST" name="postcondition" finished-at="2025-01-23T20:20:07 IST" duration-ms="221" status="PASS">
          <reporter-output>
          </reporter-output>
        </test-method> <!-- postcondition -->
        <test-method is-config="true" signature="tearDownClass()[pri:0, instance:testcases.LoginPage_TC001@26d9b808]" started-at="2025-01-23T20:20:07 IST" name="tearDownClass" finished-at="2025-01-23T20:20:07 IST" duration-ms="0" status="PASS">
          <reporter-output>
          </reporter-output>
        </test-method> <!-- tearDownClass -->
      </class> <!-- testcases.LoginPage_TC001 -->
      <class name="testcases.AccountPage_TC002">
        <test-method is-config="true" signature="setUpClass(org.testng.ITestContext)[pri:0, instance:testcases.AccountPage_TC002@78e4deb0]" started-at="2025-01-23T20:19:57 IST" name="setUpClass" finished-at="2025-01-23T20:19:57 IST" duration-ms="150" status="PASS">
          <params>
            <param index="0">
              <value>
                <![CDATA[org.testng.TestRunner@769a1df5]]>
              </value>
            </param>
          </params>
          <reporter-output>
          </reporter-output>
        </test-method> <!-- setUpClass -->
        <test-method is-config="true" signature="preCondition()[pri:0, instance:testcases.AccountPage_TC002@78e4deb0]" started-at="2025-01-23T20:19:57 IST" name="preCondition" finished-at="2025-01-23T20:20:03 IST" duration-ms="5673" status="PASS">
          <reporter-output>
          </reporter-output>
        </test-method> <!-- preCondition -->
        <test-method signature="login()[pri:0, instance:testcases.AccountPage_TC002@78e4deb0]" started-at="2025-01-23T20:20:03 IST" name="login" finished-at="2025-01-23T20:20:06 IST" duration-ms="3103" status="PASS">
          <reporter-output>
          </reporter-output>
        </test-method> <!-- login -->
        <test-method is-config="true" signature="postcondition()[pri:0, instance:testcases.AccountPage_TC002@78e4deb0]" started-at="2025-01-23T20:20:06 IST" name="postcondition" finished-at="2025-01-23T20:20:06 IST" duration-ms="250" status="PASS">
          <reporter-output>
          </reporter-output>
        </test-method> <!-- postcondition -->
        <test-method is-config="true" signature="tearDownClass()[pri:0, instance:testcases.AccountPage_TC002@78e4deb0]" started-at="2025-01-23T20:20:06 IST" name="tearDownClass" finished-at="2025-01-23T20:20:06 IST" duration-ms="13" status="PASS">
          <reporter-output>
          </reporter-output>
        </test-method> <!-- tearDownClass -->
      </class> <!-- testcases.AccountPage_TC002 -->
    </test> <!-- Test -->
  </suite> <!-- Suite -->
</testng-results>
