<?xml version="1.0" encoding="UTF-8"?>
<!-- Generated by org.testng.reporters.JUnitXMLReporter -->
<testsuite ignored="0" hostname="IBM-PF3DL4JS" failures="2" tests="2" name="Test" time="11.433" errors="0" timestamp="2025-01-23T21:52:01 IST">
  <testcase classname="testcases.LoginPage_TC001" name="login" time="0.025">
    <failure type="java.lang.NullPointerException">
      <![CDATA[java.lang.NullPointerException
at pages.LoginPage.enterUserName(LoginPage.java:19)
at testcases.LoginPage_TC001.login(LoginPage_TC001.java:17)
at java.base/java.util.ArrayList.forEach(ArrayList.java:1541)
... Removed 27 stack frames]]>
    </failure>
  </testcase> <!-- login -->
  <testcase classname="testcases.AccountPage_TC002" name="login" time="0.025">
    <failure type="java.lang.NullPointerException">
      <![CDATA[java.lang.NullPointerException
at pages.LoginPage.enterUserName(LoginPage.java:19)
at testcases.AccountPage_TC002.login(AccountPage_TC002.java:18)
at java.base/java.util.ArrayList.forEach(ArrayList.java:1541)
... Removed 27 stack frames]]>
    </failure>
  </testcase> <!-- login -->
</testsuite> <!-- Test -->
