<?xml version="1.0" encoding="UTF-8"?>
<!-- Generated by org.testng.reporters.JUnitXMLReporter -->
<testsuite ignored="2" hostname="IBM-PF3DL4JS" failures="0" tests="2" name="Test" time="9.853" errors="0" timestamp="2025-01-30T21:18:11 IST">
  <testcase classname="base.ProjectSpecificMethod" name="@BeforeClass testdetails" time="0.0">
    <failure type="java.lang.IllegalArgumentException" message="testName cannot be null or empty">
      <![CDATA[java.lang.IllegalArgumentException: testName cannot be null or empty
at com.aventstack.extentreports.ExtentTest.<init>(ExtentTest.java:80)
at com.aventstack.extentreports.ExtentTest.<init>(ExtentTest.java:100)
at com.aventstack.extentreports.ExtentReports.createTest(ExtentReports.java:238)
at base.ProjectSpecificMethod.testdetails(ProjectSpecificMethod.java:96)
at java.base/java.util.ArrayList.forEach(ArrayList.java:1541)
... Removed 25 stack frames]]>
    </failure>
  </testcase> <!-- @BeforeClass testdetails -->
  <testcase classname="base.ProjectSpecificMethod" name="@BeforeMethod preCondition" time="-1.73825209154E9">
    <skipped/>
  </testcase> <!-- @BeforeMethod preCondition -->
  <testcase classname="base.ProjectSpecificMethod" name="@AfterMethod postcondition" time="-1.73825209155E9">
    <skipped/>
  </testcase> <!-- @AfterMethod postcondition -->
  <testcase classname="testcases.LoginPage_TC001" name="login" time="2.774"/>
  <testcase classname="testcases.AccountPage_TC002" name="login" time="0.0">
    <skipped/>
  </testcase> <!-- login -->
  <testcase classname="base.ProjectSpecificMethod" name="@BeforeSuite startReport" time="0.0">
    <ignored/>
  </testcase> <!-- @BeforeSuite startReport -->
  <testcase classname="base.ProjectSpecificMethod" name="@AfterSuite stopReport" time="0.0">
    <ignored/>
  </testcase> <!-- @AfterSuite stopReport -->
</testsuite> <!-- Test -->
